TN:
SF:src/components/AutorSecao.vue
FN:1,(empty-report)
FNF:1
FNH:1
FNDA:1,(empty-report)
DA:2,0
DA:3,0
DA:4,0
DA:5,0
DA:6,0
DA:7,0
DA:8,0
DA:9,0
DA:10,0
DA:12,0
DA:13,0
DA:14,0
DA:15,0
DA:16,0
DA:17,0
DA:18,0
DA:19,0
DA:20,0
DA:22,0
DA:23,0
DA:24,0
DA:25,0
DA:27,0
DA:28,0
DA:29,0
DA:30,0
DA:31,0
DA:32,0
DA:33,0
DA:34,0
DA:36,0
DA:38,0
DA:39,0
DA:40,0
DA:41,0
DA:42,0
DA:43,0
DA:44,0
DA:45,0
DA:46,0
DA:47,0
DA:49,0
DA:51,0
DA:52,0
DA:53,0
DA:54,0
DA:55,0
DA:56,0
DA:58,0
DA:59,0
DA:60,0
DA:61,0
DA:62,0
DA:63,0
DA:65,0
DA:66,0
DA:67,0
DA:68,0
DA:69,0
DA:71,0
DA:72,0
DA:73,0
DA:74,0
DA:75,0
DA:76,0
DA:77,0
DA:79,0
DA:80,0
DA:81,0
DA:82,0
DA:83,0
DA:84,0
DA:86,0
DA:87,0
DA:88,0
DA:89,0
DA:90,0
DA:92,0
DA:93,0
DA:94,0
DA:95,0
DA:96,0
DA:98,0
DA:99,0
DA:100,0
DA:101,0
DA:102,0
DA:103,0
DA:104,0
DA:106,0
DA:107,0
DA:108,0
DA:109,0
DA:110,0
DA:111,0
DA:112,0
DA:113,0
DA:114,0
DA:118,0
DA:119,0
DA:121,0
DA:136,0
DA:138,0
DA:139,0
DA:140,0
DA:142,0
DA:143,0
DA:144,0
DA:145,0
DA:146,0
DA:147,0
DA:149,0
DA:150,0
DA:151,0
DA:152,0
DA:153,0
DA:154,0
DA:155,0
DA:156,0
DA:157,0
DA:158,0
DA:159,0
DA:160,0
DA:161,0
DA:162,0
DA:163,0
DA:164,0
DA:165,0
DA:166,0
DA:167,0
DA:169,0
DA:170,0
DA:171,0
DA:172,0
DA:173,0
DA:174,0
DA:175,0
DA:176,0
DA:177,0
DA:178,0
DA:179,0
DA:180,0
DA:181,0
DA:182,0
DA:183,0
DA:184,0
DA:185,0
DA:186,0
DA:187,0
DA:188,0
DA:189,0
DA:191,0
DA:192,0
DA:193,0
DA:194,0
DA:195,0
DA:196,0
DA:197,0
DA:198,0
DA:199,0
DA:200,0
LF:161
LH:0
BRDA:1,0,0,1
BRF:1
BRH:1
end_of_record
TN:
SF:src/components/AutoridadeSearch.vue
FN:1,(empty-report)
FNF:1
FNH:1
FNDA:1,(empty-report)
DA:2,0
DA:3,0
DA:4,0
DA:5,0
DA:7,0
DA:8,0
DA:9,0
DA:10,0
DA:11,0
DA:12,0
DA:13,0
DA:14,0
DA:15,0
DA:16,0
DA:17,0
DA:18,0
DA:19,0
DA:20,0
DA:21,0
DA:22,0
DA:23,0
DA:24,0
DA:25,0
DA:27,0
DA:28,0
DA:29,0
DA:30,0
DA:32,0
DA:33,0
DA:34,0
DA:35,0
DA:36,0
DA:37,0
DA:38,0
DA:40,0
DA:41,0
DA:42,0
DA:43,0
DA:44,0
DA:45,0
DA:46,0
DA:47,0
DA:48,0
DA:49,0
DA:50,0
DA:51,0
DA:53,0
DA:54,0
DA:55,0
DA:56,0
DA:57,0
DA:58,0
DA:59,0
DA:60,0
DA:61,0
DA:62,0
DA:63,0
DA:64,0
DA:65,0
DA:66,0
DA:67,0
DA:68,0
DA:69,0
DA:70,0
DA:71,0
DA:72,0
DA:73,0
DA:75,0
DA:76,0
DA:77,0
DA:78,0
DA:79,0
DA:80,0
DA:82,0
DA:83,0
DA:84,0
DA:85,0
DA:86,0
DA:88,0
DA:89,0
DA:90,0
DA:91,0
DA:92,0
DA:93,0
DA:95,0
DA:96,0
DA:97,0
DA:98,0
DA:100,0
DA:101,0
DA:103,0
DA:104,0
DA:105,0
DA:106,0
DA:107,0
DA:109,0
DA:111,0
DA:112,0
DA:113,0
DA:114,0
DA:118,0
DA:119,0
DA:121,0
DA:123,0
DA:125,0
DA:126,0
DA:127,0
DA:129,0
DA:130,0
DA:131,0
DA:132,0
DA:133,0
DA:135,0
DA:136,0
DA:137,0
DA:138,0
DA:140,0
DA:141,0
DA:142,0
DA:144,0
DA:145,0
DA:146,0
DA:147,0
DA:148,0
DA:150,0
DA:151,0
DA:152,0
DA:153,0
DA:155,0
DA:156,0
DA:157,0
DA:158,0
DA:159,0
DA:160,0
DA:161,0
DA:162,0
DA:163,0
DA:164,0
DA:165,0
DA:166,0
DA:168,0
DA:169,0
DA:170,0
DA:171,0
LF:144
LH:0
BRDA:1,0,0,1
BRF:1
BRH:1
end_of_record
TN:
SF:src/components/CampoFormulario.vue
FN:1,(empty-report)
FNF:1
FNH:1
FNDA:1,(empty-report)
DA:2,0
DA:3,0
DA:4,0
DA:5,0
DA:6,0
DA:7,0
DA:9,0
DA:10,0
DA:11,0
DA:13,0
DA:14,0
DA:15,0
DA:16,0
DA:17,0
DA:18,0
DA:19,0
DA:20,0
DA:21,0
DA:22,0
DA:23,0
DA:24,0
DA:25,0
DA:26,0
DA:27,0
DA:29,0
DA:30,0
DA:31,0
DA:32,0
DA:34,0
DA:35,0
DA:36,0
DA:37,0
DA:38,0
DA:42,0
DA:44,0
DA:55,0
DA:57,0
DA:58,0
DA:59,0
DA:60,0
DA:62,0
DA:63,0
DA:64,0
DA:65,0
DA:67,0
DA:68,0
DA:69,0
DA:70,0
DA:72,0
DA:73,0
DA:74,0
DA:75,0
DA:76,0
DA:77,0
DA:78,0
DA:79,0
DA:80,0
DA:81,0
DA:82,0
DA:83,0
DA:85,0
DA:86,0
DA:87,0
DA:88,0
DA:89,0
DA:90,0
DA:91,0
DA:92,0
DA:93,0
DA:94,0
DA:95,0
DA:96,0
DA:97,0
DA:98,0
DA:99,0
DA:100,0
DA:101,0
DA:102,0
DA:103,0
DA:104,0
DA:106,0
DA:107,0
DA:108,0
DA:109,0
DA:110,0
DA:111,0
DA:112,0
DA:113,0
DA:114,0
DA:115,0
DA:116,0
DA:117,0
DA:118,0
DA:119,0
DA:120,0
DA:121,0
DA:122,0
DA:123,0
DA:124,0
DA:126,0
DA:127,0
DA:128,0
DA:129,0
DA:130,0
DA:131,0
DA:132,0
DA:133,0
DA:134,0
DA:135,0
DA:136,0
DA:137,0
DA:138,0
DA:139,0
DA:140,0
DA:141,0
DA:143,0
DA:144,0
DA:145,0
DA:146,0
DA:148,0
DA:149,0
DA:150,0
DA:151,0
DA:153,0
DA:154,0
DA:155,0
DA:156,0
DA:157,0
DA:158,0
DA:159,0
DA:160,0
DA:161,0
DA:162,0
DA:163,0
DA:164,0
DA:165,0
DA:166,0
DA:167,0
DA:168,0
DA:169,0
DA:170,0
DA:172,0
DA:173,0
DA:174,0
DA:175,0
DA:176,0
DA:177,0
DA:178,0
DA:180,0
DA:181,0
DA:182,0
DA:183,0
DA:184,0
DA:185,0
DA:186,0
DA:187,0
DA:189,0
DA:190,0
DA:191,0
DA:192,0
DA:193,0
DA:194,0
DA:195,0
DA:196,0
DA:197,0
DA:198,0
DA:199,0
DA:200,0
DA:202,0
DA:203,0
DA:204,0
DA:205,0
DA:206,0
DA:208,0
DA:209,0
DA:210,0
DA:211,0
DA:212,0
DA:213,0
DA:214,0
DA:215,0
DA:216,0
DA:217,0
DA:218,0
DA:219,0
DA:220,0
DA:221,0
DA:222,0
DA:223,0
DA:224,0
DA:225,0
DA:226,0
DA:227,0
DA:228,0
DA:229,0
DA:230,0
DA:231,0
DA:232,0
DA:233,0
DA:234,0
DA:235,0
DA:236,0
DA:238,0
DA:239,0
DA:240,0
DA:241,0
DA:243,0
DA:244,0
DA:245,0
DA:246,0
DA:247,0
DA:248,0
DA:249,0
DA:250,0
DA:251,0
DA:252,0
DA:253,0
DA:254,0
DA:255,0
DA:256,0
DA:257,0
DA:258,0
DA:259,0
DA:260,0
DA:261,0
DA:262,0
DA:263,0
DA:264,0
DA:265,0
DA:266,0
DA:267,0
DA:268,0
DA:269,0
DA:270,0
DA:272,0
DA:273,0
DA:274,0
DA:275,0
DA:276,0
DA:277,0
DA:278,0
DA:279,0
DA:280,0
DA:281,0
DA:282,0
DA:283,0
DA:284,0
DA:285,0
DA:286,0
DA:287,0
DA:288,0
DA:289,0
DA:290,0
DA:291,0
DA:292,0
DA:293,0
DA:294,0
DA:295,0
DA:296,0
DA:297,0
DA:298,0
DA:299,0
DA:300,0
DA:301,0
DA:302,0
DA:303,0
DA:304,0
LF:267
LH:0
BRDA:1,0,0,1
BRF:1
BRH:1
end_of_record
TN:
SF:src/components/ClienteSearch.vue
FN:1,(empty-report)
FNF:1
FNH:1
FNDA:1,(empty-report)
DA:2,0
DA:3,0
DA:4,0
DA:5,0
DA:7,0
DA:8,0
DA:9,0
DA:10,0
DA:11,0
DA:12,0
DA:13,0
DA:14,0
DA:15,0
DA:16,0
DA:17,0
DA:18,0
DA:19,0
DA:20,0
DA:21,0
DA:22,0
DA:23,0
DA:24,0
DA:25,0
DA:27,0
DA:28,0
DA:29,0
DA:30,0
DA:32,0
DA:33,0
DA:34,0
DA:35,0
DA:36,0
DA:37,0
DA:38,0
DA:40,0
DA:41,0
DA:42,0
DA:43,0
DA:44,0
DA:45,0
DA:46,0
DA:47,0
DA:48,0
DA:49,0
DA:50,0
DA:51,0
DA:53,0
DA:54,0
DA:55,0
DA:56,0
DA:57,0
DA:58,0
DA:59,0
DA:60,0
DA:61,0
DA:62,0
DA:63,0
DA:64,0
DA:65,0
DA:66,0
DA:67,0
DA:68,0
DA:69,0
DA:70,0
DA:71,0
DA:72,0
DA:73,0
DA:75,0
DA:76,0
DA:77,0
DA:78,0
DA:79,0
DA:80,0
DA:82,0
DA:83,0
DA:84,0
DA:85,0
DA:86,0
DA:88,0
DA:89,0
DA:90,0
DA:91,0
DA:92,0
DA:93,0
DA:95,0
DA:96,0
DA:97,0
DA:98,0
DA:100,0
DA:101,0
DA:102,0
DA:103,0
DA:107,0
DA:108,0
DA:110,0
DA:112,0
DA:114,0
DA:115,0
DA:116,0
DA:118,0
DA:119,0
DA:120,0
DA:121,0
DA:122,0
DA:124,0
DA:125,0
DA:126,0
DA:127,0
DA:128,0
DA:130,0
DA:131,0
DA:132,0
DA:134,0
DA:135,0
DA:136,0
DA:137,0
DA:139,0
DA:140,0
DA:141,0
DA:142,0
DA:143,0
DA:144,0
DA:145,0
DA:146,0
DA:147,0
DA:148,0
DA:149,0
DA:150,0
DA:152,0
DA:153,0
DA:154,0
DA:155,0
LF:132
LH:0
BRDA:1,0,0,1
BRF:1
BRH:1
end_of_record
TN:
SF:src/components/DocumentGenerationMonitor.vue
FN:1,(empty-report)
FNF:1
FNH:0
FNDA:0,(empty-report)
DA:1,0
DA:2,0
DA:3,0
DA:4,0
DA:5,0
DA:6,0
DA:7,0
DA:8,0
DA:9,0
DA:10,0
DA:11,0
DA:12,0
DA:13,0
DA:14,0
DA:15,0
DA:16,0
DA:17,0
DA:18,0
DA:19,0
DA:20,0
DA:21,0
DA:22,0
DA:23,0
DA:24,0
DA:25,0
DA:26,0
DA:27,0
DA:28,0
DA:29,0
DA:30,0
DA:31,0
DA:32,0
DA:33,0
DA:34,0
DA:35,0
DA:36,0
DA:37,0
DA:38,0
DA:39,0
DA:40,0
DA:41,0
DA:42,0
DA:43,0
DA:44,0
DA:45,0
DA:46,0
DA:47,0
DA:48,0
DA:49,0
DA:50,0
DA:51,0
DA:52,0
DA:53,0
DA:54,0
DA:55,0
DA:56,0
DA:57,0
DA:58,0
DA:59,0
DA:60,0
DA:61,0
DA:62,0
DA:63,0
DA:64,0
DA:65,0
DA:66,0
DA:67,0
DA:68,0
DA:69,0
DA:70,0
DA:71,0
DA:72,0
DA:73,0
DA:74,0
DA:75,0
DA:76,0
DA:77,0
DA:78,0
DA:79,0
DA:80,0
DA:81,0
DA:82,0
DA:83,0
DA:84,0
DA:85,0
DA:86,0
DA:87,0
DA:88,0
DA:89,0
DA:90,0
DA:91,0
DA:92,0
DA:93,0
DA:94,0
DA:95,0
DA:96,0
DA:97,0
DA:98,0
DA:99,0
DA:100,0
DA:101,0
DA:102,0
DA:103,0
DA:104,0
DA:105,0
DA:106,0
DA:107,0
DA:108,0
DA:109,0
DA:110,0
DA:111,0
DA:112,0
DA:113,0
DA:114,0
DA:115,0
DA:116,0
DA:117,0
DA:118,0
DA:119,0
DA:120,0
DA:121,0
DA:122,0
DA:123,0
DA:124,0
DA:125,0
DA:126,0
DA:127,0
DA:128,0
DA:129,0
DA:130,0
DA:131,0
DA:132,0
DA:133,0
DA:134,0
DA:135,0
DA:136,0
DA:137,0
DA:138,0
DA:139,0
DA:140,0
DA:141,0
DA:142,0
DA:143,0
DA:144,0
DA:145,0
DA:146,0
DA:147,0
DA:148,0
DA:149,0
DA:150,0
DA:151,0
DA:152,0
DA:153,0
DA:154,0
DA:155,0
DA:156,0
DA:157,0
DA:158,0
DA:159,0
DA:160,0
DA:161,0
DA:162,0
DA:163,0
DA:164,0
DA:165,0
DA:166,0
DA:167,0
DA:168,0
DA:169,0
DA:170,0
DA:171,0
DA:172,0
DA:173,0
DA:174,0
DA:175,0
DA:176,0
DA:177,0
DA:178,0
DA:179,0
DA:180,0
DA:181,0
DA:182,0
DA:183,0
DA:184,0
DA:185,0
DA:186,0
DA:187,0
DA:188,0
DA:189,0
DA:190,0
DA:191,0
DA:192,0
DA:193,0
DA:194,0
DA:195,0
DA:196,0
DA:197,0
DA:198,0
DA:199,0
DA:200,0
DA:201,0
DA:202,0
DA:203,0
DA:204,0
DA:205,0
DA:206,0
DA:207,0
DA:208,0
DA:209,0
DA:210,0
DA:211,0
DA:212,0
DA:213,0
DA:214,0
DA:215,0
DA:216,0
DA:217,0
DA:218,0
DA:219,0
DA:220,0
DA:221,0
DA:222,0
DA:223,0
DA:224,0
DA:225,0
DA:226,0
DA:227,0
DA:228,0
DA:229,0
DA:230,0
DA:231,0
DA:232,0
DA:233,0
DA:234,0
DA:235,0
DA:236,0
DA:237,0
DA:238,0
DA:239,0
DA:240,0
DA:241,0
DA:242,0
DA:243,0
DA:244,0
DA:245,0
DA:246,0
DA:247,0
DA:248,0
DA:249,0
DA:250,0
DA:251,0
DA:252,0
DA:253,0
DA:254,0
DA:255,0
DA:256,0
DA:257,0
DA:258,0
DA:259,0
DA:260,0
DA:261,0
DA:262,0
DA:263,0
DA:264,0
DA:265,0
DA:266,0
DA:267,0
DA:268,0
DA:269,0
DA:270,0
DA:271,0
DA:272,0
DA:273,0
DA:274,0
DA:275,0
DA:276,0
DA:277,0
DA:278,0
DA:279,0
DA:280,0
DA:281,0
DA:282,0
DA:283,0
DA:284,0
DA:285,0
DA:286,0
DA:287,0
DA:288,0
DA:289,0
DA:290,0
DA:291,0
DA:292,0
DA:293,0
DA:294,0
DA:295,0
DA:296,0
DA:297,0
DA:298,0
DA:299,0
DA:300,0
DA:301,0
DA:302,0
DA:303,0
DA:304,0
DA:305,0
DA:306,0
DA:307,0
DA:308,0
DA:309,0
DA:310,0
DA:311,0
DA:312,0
DA:313,0
DA:314,0
DA:315,0
DA:316,0
DA:317,0
DA:318,0
DA:319,0
DA:320,0
DA:321,0
DA:322,0
DA:323,0
DA:324,0
DA:325,0
DA:326,0
DA:327,0
DA:328,0
DA:329,0
DA:330,0
DA:331,0
DA:332,0
DA:333,0
DA:334,0
DA:335,0
DA:336,0
DA:337,0
DA:338,0
DA:339,0
DA:340,0
DA:341,0
DA:342,0
DA:343,0
DA:344,0
DA:345,0
DA:346,0
DA:347,0
DA:348,0
DA:349,0
DA:350,0
DA:351,0
DA:352,0
DA:353,0
DA:354,0
DA:355,0
DA:356,0
DA:357,0
DA:358,0
DA:359,0
DA:360,0
DA:361,0
DA:362,0
DA:363,0
DA:364,0
DA:365,0
DA:366,0
DA:367,0
DA:368,0
DA:369,0
DA:370,0
DA:371,0
DA:372,0
DA:373,0
DA:374,0
DA:375,0
DA:376,0
DA:377,0
DA:378,0
DA:379,0
DA:380,0
DA:381,0
DA:382,0
DA:383,0
DA:384,0
DA:385,0
DA:386,0
DA:387,0
DA:388,0
DA:389,0
DA:390,0
DA:391,0
DA:392,0
DA:393,0
DA:394,0
DA:395,0
DA:396,0
DA:397,0
DA:398,0
DA:399,0
DA:400,0
DA:401,0
DA:402,0
DA:403,0
DA:404,0
DA:405,0
DA:406,0
DA:407,0
DA:408,0
DA:409,0
DA:410,0
DA:411,0
DA:412,0
DA:413,0
DA:414,0
DA:415,0
DA:416,0
DA:417,0
DA:418,0
DA:419,0
DA:420,0
DA:421,0
DA:422,0
DA:423,0
DA:424,0
DA:425,0
DA:426,0
DA:427,0
DA:428,0
DA:429,0
DA:430,0
DA:431,0
DA:432,0
DA:433,0
DA:434,0
DA:435,0
DA:436,0
DA:437,0
DA:438,0
DA:439,0
DA:440,0
DA:441,0
DA:442,0
DA:443,0
DA:444,0
DA:445,0
DA:446,0
DA:447,0
DA:448,0
DA:449,0
DA:450,0
DA:451,0
DA:452,0
DA:453,0
DA:454,0
DA:455,0
DA:456,0
DA:457,0
DA:458,0
DA:459,0
DA:460,0
DA:461,0
DA:462,0
DA:463,0
DA:464,0
DA:465,0
DA:466,0
DA:467,0
DA:468,0
DA:469,0
DA:470,0
DA:471,0
DA:472,0
DA:473,0
DA:474,0
DA:475,0
DA:476,0
DA:477,0
DA:478,0
DA:479,0
DA:480,0
DA:481,0
DA:482,0
DA:483,0
DA:484,0
DA:485,0
DA:486,0
DA:487,0
DA:488,0
DA:489,0
DA:490,0
DA:491,0
DA:492,0
DA:493,0
DA:494,0
DA:495,0
DA:496,0
DA:497,0
DA:498,0
DA:499,0
DA:500,0
DA:501,0
DA:502,0
DA:503,0
DA:504,0
DA:505,0
DA:506,0
DA:507,0
DA:508,0
DA:509,0
DA:510,0
DA:511,0
DA:512,0
DA:513,0
DA:514,0
DA:515,0
DA:516,0
DA:517,0
DA:518,0
DA:519,0
DA:520,0
DA:521,0
DA:522,0
DA:523,0
DA:524,0
DA:525,0
DA:526,0
DA:527,0
DA:528,0
DA:529,0
DA:530,0
DA:531,0
DA:532,0
DA:533,0
DA:534,0
DA:535,0
DA:536,0
DA:537,0
DA:538,0
DA:539,0
DA:540,0
DA:541,0
DA:542,0
DA:543,0
DA:544,0
DA:545,0
DA:546,0
DA:547,0
DA:548,0
DA:549,0
DA:550,0
DA:551,0
DA:552,0
DA:553,0
DA:554,0
DA:555,0
DA:556,0
DA:557,0
DA:558,0
DA:559,0
DA:560,0
DA:561,0
DA:562,0
DA:563,0
DA:564,0
DA:565,0
DA:566,0
DA:567,0
DA:568,0
DA:569,0
LF:569
LH:0
BRDA:1,0,0,0
BRF:1
BRH:0
end_of_record
TN:
SF:src/components/DynamicField.vue
FN:372,updateValue
FN:376,updateCpfValue
FN:381,updateCnpjValue
FN:386,updatePhoneValue
FN:391,updateCepValue
FN:396,handleClientSearch
FN:413,handleAuthoritySearch
FN:430,selectClient
FN:445,selectAuthority
FN:458,hideClientSuggestions
FN:464,hideAuthoritySuggestions
FN:470,handleFileUpload
FN:476,formatCpfInput
FN:488,formatCnpjInput
FN:500,formatPhoneInput
FN:514,formatCepInput
FN:524,formatCpf
FN:530,immediate
FN:31,onInput._cache.<computed>._cache.<computed>
FN:32,onBlur._cache.<computed>._cache.<computed>
FN:33,onFocus._cache.<computed>._cache.<computed>
FN:45,onInput._cache.<computed>._cache.<computed>
FN:46,onBlur._cache.<computed>._cache.<computed>
FN:47,onFocus._cache.<computed>._cache.<computed>
FN:60,onInput._cache.<computed>._cache.<computed>
FN:61,onBlur._cache.<computed>._cache.<computed>
FN:62,onFocus._cache.<computed>._cache.<computed>
FN:75,onInput._cache.<computed>._cache.<computed>
FN:76,onBlur._cache.<computed>._cache.<computed>
FN:77,onFocus._cache.<computed>._cache.<computed>
FN:90,onInput._cache.<computed>._cache.<computed>
FN:91,onBlur._cache.<computed>._cache.<computed>
FN:92,onFocus._cache.<computed>._cache.<computed>
FN:104,onInput._cache.<computed>._cache.<computed>
FN:105,onBlur._cache.<computed>._cache.<computed>
FN:106,onFocus._cache.<computed>._cache.<computed>
FN:118,onInput._cache.<computed>._cache.<computed>
FN:119,onBlur._cache.<computed>._cache.<computed>
FN:120,onFocus._cache.<computed>._cache.<computed>
FN:130,onChange._cache.<computed>._cache.<computed>
FN:131,onBlur._cache.<computed>._cache.<computed>
FN:132,onFocus._cache.<computed>._cache.<computed>
FN:178,onChange._cache.<computed>._cache.<computed>
FN:197,onInput._cache.<computed>._cache.<computed>
FN:199,onFocus._cache.<computed>._cache.<computed>
FN:227,onInput._cache.<computed>._cache.<computed>
FN:229,onFocus._cache.<computed>._cache.<computed>
FN:257,onChange._cache.<computed>._cache.<computed>
FN:258,onBlur._cache.<computed>._cache.<computed>
FN:259,onFocus._cache.<computed>._cache.<computed>
FN:282,onInput._cache.<computed>._cache.<computed>
FN:283,onBlur._cache.<computed>._cache.<computed>
FN:284,onFocus._cache.<computed>._cache.<computed>
FNF:53
FNH:12
FNDA:3,updateValue
FNDA:1,updateCpfValue
FNDA:0,updateCnpjValue
FNDA:0,updatePhoneValue
FNDA:0,updateCepValue
FNDA:1,handleClientSearch
FNDA:0,handleAuthoritySearch
FNDA:0,selectClient
FNDA:0,selectAuthority
FNDA:0,hideClientSuggestions
FNDA:0,hideAuthoritySuggestions
FNDA:1,handleFileUpload
FNDA:1,formatCpfInput
FNDA:0,formatCnpjInput
FNDA:0,formatPhoneInput
FNDA:0,formatCepInput
FNDA:0,formatCpf
FNDA:18,immediate
FNDA:1,onInput._cache.<computed>._cache.<computed>
FNDA:0,onBlur._cache.<computed>._cache.<computed>
FNDA:0,onFocus._cache.<computed>._cache.<computed>
FNDA:1,onInput._cache.<computed>._cache.<computed>
FNDA:0,onBlur._cache.<computed>._cache.<computed>
FNDA:0,onFocus._cache.<computed>._cache.<computed>
FNDA:0,onInput._cache.<computed>._cache.<computed>
FNDA:0,onBlur._cache.<computed>._cache.<computed>
FNDA:0,onFocus._cache.<computed>._cache.<computed>
FNDA:0,onInput._cache.<computed>._cache.<computed>
FNDA:0,onBlur._cache.<computed>._cache.<computed>
FNDA:0,onFocus._cache.<computed>._cache.<computed>
FNDA:0,onInput._cache.<computed>._cache.<computed>
FNDA:0,onBlur._cache.<computed>._cache.<computed>
FNDA:0,onFocus._cache.<computed>._cache.<computed>
FNDA:0,onInput._cache.<computed>._cache.<computed>
FNDA:0,onBlur._cache.<computed>._cache.<computed>
FNDA:0,onFocus._cache.<computed>._cache.<computed>
FNDA:0,onInput._cache.<computed>._cache.<computed>
FNDA:0,onBlur._cache.<computed>._cache.<computed>
FNDA:0,onFocus._cache.<computed>._cache.<computed>
FNDA:1,onChange._cache.<computed>._cache.<computed>
FNDA:0,onBlur._cache.<computed>._cache.<computed>
FNDA:0,onFocus._cache.<computed>._cache.<computed>
FNDA:1,onChange._cache.<computed>._cache.<computed>
FNDA:1,onInput._cache.<computed>._cache.<computed>
FNDA:0,onFocus._cache.<computed>._cache.<computed>
FNDA:0,onInput._cache.<computed>._cache.<computed>
FNDA:0,onFocus._cache.<computed>._cache.<computed>
FNDA:1,onChange._cache.<computed>._cache.<computed>
FNDA:0,onBlur._cache.<computed>._cache.<computed>
FNDA:0,onFocus._cache.<computed>._cache.<computed>
FNDA:0,onInput._cache.<computed>._cache.<computed>
FNDA:0,onBlur._cache.<computed>._cache.<computed>
FNDA:0,onFocus._cache.<computed>._cache.<computed>
DA:2,1
DA:3,1
DA:4,1
DA:5,1
DA:6,1
DA:7,1
DA:9,1
DA:10,1
DA:11,1
DA:13,1
DA:14,1
DA:15,1
DA:16,1
DA:18,1
DA:19,1
DA:20,1
DA:21,1
DA:22,1
DA:23,1
DA:24,1
DA:25,1
DA:26,1
DA:27,1
DA:28,1
DA:29,1
DA:30,1
DA:31,1
DA:32,1
DA:33,1
DA:34,1
DA:36,1
DA:37,1
DA:38,1
DA:39,1
DA:40,1
DA:41,1
DA:42,1
DA:43,1
DA:44,1
DA:45,1
DA:46,1
DA:47,1
DA:48,1
DA:49,1
DA:51,1
DA:52,1
DA:53,1
DA:54,1
DA:55,1
DA:56,1
DA:57,1
DA:58,1
DA:59,1
DA:60,1
DA:61,1
DA:62,1
DA:63,1
DA:64,1
DA:66,1
DA:67,1
DA:68,1
DA:69,1
DA:70,1
DA:71,1
DA:72,1
DA:73,1
DA:74,1
DA:75,1
DA:76,1
DA:77,1
DA:78,1
DA:79,1
DA:81,1
DA:82,1
DA:83,1
DA:84,1
DA:85,1
DA:86,1
DA:87,1
DA:88,1
DA:89,1
DA:90,1
DA:91,1
DA:92,1
DA:93,1
DA:94,1
DA:96,1
DA:97,1
DA:98,1
DA:99,1
DA:100,1
DA:101,1
DA:102,1
DA:103,1
DA:104,1
DA:105,1
DA:106,1
DA:107,1
DA:109,1
DA:110,1
DA:111,1
DA:112,1
DA:113,1
DA:114,1
DA:115,1
DA:116,1
DA:117,1
DA:118,1
DA:119,1
DA:120,1
DA:121,1
DA:123,1
DA:124,1
DA:125,1
DA:126,1
DA:127,1
DA:128,1
DA:129,1
DA:130,1
DA:131,1
DA:132,1
DA:134,1
DA:135,1
DA:136,1
DA:137,1
DA:138,1
DA:140,1
DA:141,1
DA:142,1
DA:144,1
DA:145,1
DA:146,1
DA:147,1
DA:148,1
DA:149,1
DA:151,1
DA:152,1
DA:153,1
DA:154,1
DA:155,1
DA:156,1
DA:157,1
DA:158,1
DA:159,1
DA:160,1
DA:161,1
DA:162,1
DA:163,1
DA:165,1
DA:166,1
DA:167,1
DA:168,1
DA:170,1
DA:171,1
DA:172,1
DA:173,1
DA:174,1
DA:175,1
DA:176,1
DA:177,1
DA:178,1
DA:179,1
DA:180,1
DA:181,1
DA:182,1
DA:184,1
DA:185,1
DA:186,1
DA:187,1
DA:189,1
DA:190,1
DA:191,1
DA:192,1
DA:193,1
DA:194,1
DA:195,1
DA:196,1
DA:197,1
DA:198,1
DA:199,1
DA:200,1
DA:202,1
DA:203,1
DA:204,1
DA:205,1
DA:207,1
DA:208,1
DA:209,1
DA:210,1
DA:211,1
DA:213,1
DA:214,1
DA:215,1
DA:216,1
DA:217,1
DA:219,1
DA:220,1
DA:221,1
DA:222,1
DA:223,1
DA:224,1
DA:225,1
DA:226,1
DA:227,1
DA:228,1
DA:229,1
DA:230,1
DA:232,1
DA:233,1
DA:234,1
DA:235,1
DA:237,1
DA:238,1
DA:239,1
DA:240,1
DA:241,1
DA:243,1
DA:244,1
DA:245,1
DA:246,1
DA:247,1
DA:249,1
DA:250,1
DA:251,1
DA:252,1
DA:253,1
DA:254,1
DA:255,1
DA:256,1
DA:257,1
DA:258,1
DA:259,1
DA:260,1
DA:262,1
DA:263,1
DA:264,1
DA:265,1
DA:267,1
DA:268,1
DA:269,1
DA:270,1
DA:271,1
DA:273,1
DA:274,1
DA:276,1
DA:277,1
DA:278,1
DA:279,1
DA:280,1
DA:281,1
DA:282,1
DA:283,1
DA:284,1
DA:285,1
DA:286,1
DA:288,1
DA:289,1
DA:290,1
DA:291,1
DA:292,1
DA:293,1
DA:295,1
DA:296,1
DA:297,1
DA:298,1
DA:302,1
DA:303,1
DA:305,1
DA:306,1
DA:321,1
DA:322,1
DA:324,1
DA:325,1
DA:327,1
DA:328,1
DA:329,1
DA:330,1
DA:331,1
DA:332,1
DA:334,1
DA:335,1
DA:337,1
DA:339,1
DA:341,1
DA:343,1
DA:344,13
DA:345,13
DA:346,13
DA:347,13
DA:348,13
DA:349,13
DA:350,13
DA:351,13
DA:353,1
DA:354,0
DA:355,0
DA:356,0
DA:357,0
DA:358,0
DA:359,0
DA:360,0
DA:362,1
DA:363,2
DA:364,2
DA:365,2
DA:366,2
DA:367,2
DA:368,2
DA:369,2
DA:371,1
DA:372,1
DA:373,3
DA:374,3
DA:376,1
DA:377,1
DA:378,1
DA:379,1
DA:381,1
DA:382,0
DA:383,0
DA:384,0
DA:386,1
DA:387,0
DA:388,0
DA:389,0
DA:391,1
DA:392,0
DA:393,0
DA:394,0
DA:396,1
DA:397,1
DA:398,1
DA:399,1
DA:400,1
DA:401,1
DA:402,1
DA:403,1
DA:404,0
DA:405,0
DA:406,0
DA:407,1
DA:408,0
DA:409,0
DA:410,0
DA:411,1
DA:413,1
DA:414,0
DA:415,0
DA:416,0
DA:417,0
DA:418,0
DA:419,0
DA:420,0
DA:421,0
DA:422,0
DA:423,0
DA:424,0
DA:425,0
DA:426,0
DA:427,0
DA:428,0
DA:430,1
DA:431,0
DA:432,0
DA:433,0
DA:434,0
DA:435,0
DA:436,0
DA:437,0
DA:438,0
DA:439,0
DA:440,0
DA:441,0
DA:442,0
DA:443,0
DA:445,1
DA:446,0
DA:447,0
DA:448,0
DA:449,0
DA:450,0
DA:451,0
DA:452,0
DA:453,0
DA:454,0
DA:455,0
DA:456,0
DA:458,1
DA:459,0
DA:460,0
DA:461,0
DA:462,0
DA:464,1
DA:465,0
DA:466,0
DA:467,0
DA:468,0
DA:470,1
DA:471,1
DA:472,1
DA:473,1
DA:475,1
DA:476,1
DA:477,1
DA:478,1
DA:479,1
DA:480,1
DA:481,1
DA:482,1
DA:483,1
DA:484,1
DA:485,0
DA:486,0
DA:488,1
DA:489,0
DA:490,0
DA:491,0
DA:492,0
DA:493,0
DA:494,0
DA:495,0
DA:496,0
DA:497,0
DA:498,0
DA:500,1
DA:501,0
DA:502,0
DA:503,0
DA:504,0
DA:505,0
DA:506,0
DA:507,0
DA:508,0
DA:509,0
DA:510,0
DA:511,0
DA:512,0
DA:514,1
DA:515,0
DA:516,0
DA:517,0
DA:518,0
DA:519,0
DA:520,0
DA:521,0
DA:522,0
DA:524,1
DA:525,0
DA:526,0
DA:527,0
DA:529,1
DA:530,1
DA:531,18
DA:532,2
DA:533,2
DA:534,2
DA:535,2
DA:536,1
LF:458
LH:354
BRDA:335,0,0,13
BRDA:337,1,0,18
BRDA:339,2,0,15
BRDA:343,3,0,13
BRDA:347,4,0,2
BRDA:348,5,0,11
BRDA:349,6,0,1
BRDA:349,7,0,12
BRDA:362,8,0,2
BRDA:366,9,0,0
BRDA:372,10,0,3
BRDA:376,11,0,1
BRDA:396,12,0,1
BRDA:403,13,0,0
BRDA:407,14,0,0
BRDA:470,15,0,1
BRDA:476,16,0,1
BRDA:484,17,0,0
BRDA:530,18,0,18
BRDA:530,19,0,18
BRDA:531,20,0,2
BRDA:5,21,0,12
BRDA:10,22,0,2
BRDA:14,23,0,1
BRDA:185,24,0,1
BRDA:197,25,0,2
BRDA:199,26,0,2
BRDA:204,27,0,1
BRDA:31,28,0,1
BRDA:45,29,0,1
BRDA:130,30,0,1
BRDA:178,31,0,1
BRDA:197,32,0,1
BRDA:257,33,0,1
BRF:34
BRH:30
end_of_record
TN:
SF:src/components/DynamicSchemaRenderer.vue
FN:1,(empty-report)
FNF:1
FNH:1
FNDA:1,(empty-report)
DA:2,0
DA:3,0
DA:4,0
DA:5,0
DA:6,0
DA:7,0
DA:9,0
DA:10,0
DA:11,0
DA:12,0
DA:13,0
DA:14,0
DA:15,0
DA:16,0
DA:17,0
DA:19,0
DA:20,0
DA:21,0
DA:22,0
DA:23,0
DA:24,0
DA:25,0
DA:27,0
DA:28,0
DA:29,0
DA:30,0
DA:31,0
DA:32,0
DA:33,0
DA:35,0
DA:36,0
DA:37,0
DA:38,0
DA:39,0
DA:40,0
DA:42,0
DA:43,0
DA:44,0
DA:45,0
DA:46,0
DA:47,0
DA:48,0
DA:49,0
DA:50,0
DA:51,0
DA:52,0
DA:53,0
DA:55,0
DA:56,0
DA:57,0
DA:58,0
DA:59,0
DA:60,0
DA:61,0
DA:62,0
DA:63,0
DA:64,0
DA:65,0
DA:66,0
DA:67,0
DA:68,0
DA:69,0
DA:71,0
DA:72,0
DA:73,0
DA:74,0
DA:75,0
DA:76,0
DA:78,0
DA:79,0
DA:80,0
DA:81,0
DA:82,0
DA:83,0
DA:84,0
DA:85,0
DA:86,0
DA:87,0
DA:89,0
DA:90,0
DA:92,0
DA:93,0
DA:94,0
DA:95,0
DA:96,0
DA:97,0
DA:98,0
DA:99,0
DA:100,0
DA:101,0
DA:102,0
DA:103,0
DA:105,0
DA:106,0
DA:107,0
DA:108,0
DA:109,0
DA:110,0
DA:112,0
DA:113,0
DA:115,0
DA:116,0
DA:117,0
DA:118,0
DA:119,0
DA:120,0
DA:121,0
DA:122,0
DA:123,0
DA:125,0
DA:127,0
DA:128,0
DA:129,0
DA:130,0
DA:131,0
DA:132,0
DA:134,0
DA:135,0
DA:137,0
DA:138,0
DA:139,0
DA:140,0
DA:141,0
DA:143,0
DA:144,0
DA:145,0
DA:146,0
DA:147,0
DA:148,0
DA:149,0
DA:150,0
DA:151,0
DA:152,0
DA:153,0
DA:157,0
DA:158,0
DA:159,0
DA:161,0
DA:162,0
DA:173,0
DA:174,0
DA:176,0
DA:177,0
DA:179,0
DA:180,0
DA:181,0
DA:182,0
DA:184,0
DA:185,0
DA:186,0
DA:187,0
DA:188,0
DA:190,0
DA:191,0
DA:192,0
DA:193,0
DA:194,0
DA:195,0
DA:196,0
DA:197,0
DA:198,0
DA:199,0
DA:200,0
DA:201,0
DA:202,0
DA:203,0
DA:204,0
DA:205,0
DA:206,0
DA:207,0
DA:208,0
DA:209,0
DA:210,0
DA:211,0
DA:213,0
DA:214,0
DA:215,0
DA:216,0
DA:217,0
DA:218,0
DA:219,0
DA:220,0
DA:221,0
DA:222,0
DA:223,0
DA:224,0
DA:225,0
DA:226,0
DA:227,0
DA:229,0
DA:230,0
DA:231,0
DA:232,0
DA:233,0
DA:235,0
DA:236,0
DA:237,0
DA:238,0
DA:239,0
DA:240,0
DA:241,0
DA:242,0
DA:243,0
DA:244,0
DA:245,0
DA:246,0
DA:247,0
DA:248,0
DA:249,0
DA:250,0
DA:251,0
DA:252,0
DA:253,0
DA:254,0
DA:256,0
DA:257,0
DA:258,0
DA:260,0
DA:261,0
DA:262,0
DA:263,0
DA:264,0
DA:265,0
DA:266,0
DA:267,0
DA:268,0
DA:269,0
DA:270,0
DA:271,0
DA:272,0
DA:273,0
DA:274,0
DA:275,0
DA:276,0
DA:277,0
DA:278,0
DA:279,0
DA:281,0
DA:282,0
DA:283,0
DA:284,0
DA:285,0
DA:286,0
DA:287,0
DA:288,0
DA:289,0
DA:290,0
DA:291,0
DA:292,0
DA:293,0
DA:295,0
DA:296,0
DA:297,0
DA:298,0
DA:299,0
DA:300,0
DA:301,0
DA:302,0
DA:303,0
DA:305,0
DA:306,0
DA:307,0
DA:308,0
DA:310,0
DA:311,0
DA:312,0
DA:313,0
DA:314,0
DA:315,0
DA:316,0
DA:317,0
DA:318,0
DA:319,0
DA:320,0
DA:321,0
DA:323,0
DA:324,0
DA:325,0
DA:326,0
DA:327,0
DA:328,0
DA:329,0
DA:331,0
DA:332,0
DA:333,0
DA:334,0
DA:335,0
DA:336,0
DA:337,0
DA:338,0
DA:339,0
DA:340,0
DA:341,0
DA:342,0
DA:344,0
DA:345,0
DA:346,0
DA:348,0
DA:349,0
DA:350,0
DA:351,0
DA:352,0
DA:353,0
DA:354,0
DA:355,0
DA:356,0
DA:357,0
DA:358,0
DA:359,0
DA:360,0
DA:361,0
DA:363,0
DA:364,0
DA:365,0
DA:366,0
DA:367,0
DA:368,0
DA:369,0
DA:370,0
DA:371,0
DA:372,0
DA:373,0
DA:374,0
DA:376,0
DA:377,0
DA:378,0
DA:379,0
DA:380,0
DA:381,0
DA:382,0
DA:383,0
DA:384,0
DA:385,0
DA:386,0
DA:387,0
DA:388,0
DA:389,0
DA:390,0
DA:391,0
DA:392,0
DA:393,0
DA:394,0
DA:395,0
DA:396,0
DA:397,0
DA:398,0
DA:399,0
DA:400,0
DA:401,0
DA:403,0
DA:404,0
DA:405,0
DA:406,0
DA:407,0
DA:408,0
DA:410,0
DA:411,0
DA:412,0
DA:413,0
DA:414,0
DA:415,0
LF:361
LH:0
BRDA:1,0,0,1
BRF:1
BRH:1
end_of_record
TN:
SF:src/components/FormularioDinamicoApp.vue
FN:1,(empty-report)
FNF:1
FNH:1
FNDA:1,(empty-report)
DA:2,0
DA:3,0
DA:4,0
DA:5,0
DA:7,0
DA:8,0
DA:9,0
DA:10,0
DA:12,0
DA:13,0
DA:14,0
DA:15,0
DA:16,0
DA:17,0
DA:18,0
DA:19,0
DA:21,0
DA:22,0
DA:23,0
DA:24,0
DA:25,0
DA:27,0
DA:28,0
DA:29,0
DA:30,0
DA:31,0
DA:33,0
DA:34,0
DA:35,0
DA:36,0
DA:37,0
DA:38,0
DA:39,0
DA:40,0
DA:41,0
DA:43,0
DA:44,0
DA:45,0
DA:46,0
DA:47,0
DA:48,0
DA:50,0
DA:51,0
DA:52,0
DA:54,0
DA:55,0
DA:56,0
DA:57,0
DA:59,0
DA:61,0
DA:62,0
DA:63,0
DA:64,0
DA:65,0
DA:66,0
DA:70,0
DA:71,0
DA:72,0
DA:73,0
DA:74,0
DA:76,0
DA:78,0
DA:79,0
DA:81,0
DA:82,0
DA:84,0
DA:85,0
DA:86,0
DA:87,0
DA:88,0
DA:89,0
DA:90,0
DA:91,0
DA:92,0
DA:93,0
DA:94,0
DA:95,0
DA:96,0
DA:97,0
DA:98,0
DA:99,0
DA:100,0
DA:101,0
DA:102,0
DA:103,0
DA:104,0
DA:105,0
DA:106,0
DA:107,0
DA:108,0
DA:109,0
DA:110,0
DA:112,0
DA:113,0
DA:114,0
DA:115,0
DA:116,0
DA:117,0
DA:118,0
DA:119,0
DA:120,0
DA:121,0
DA:122,0
DA:123,0
DA:124,0
DA:125,0
DA:126,0
DA:127,0
DA:128,0
DA:129,0
DA:130,0
DA:131,0
DA:132,0
DA:133,0
DA:134,0
DA:135,0
DA:136,0
DA:137,0
DA:138,0
DA:139,0
DA:140,0
DA:141,0
DA:142,0
DA:143,0
DA:144,0
DA:145,0
DA:146,0
DA:148,0
DA:149,0
DA:150,0
DA:151,0
DA:152,0
DA:154,0
DA:155,0
DA:156,0
DA:157,0
DA:159,0
DA:160,0
DA:161,0
DA:162,0
DA:164,0
DA:165,0
DA:166,0
DA:168,0
DA:169,0
DA:170,0
DA:171,0
DA:173,0
DA:174,0
DA:175,0
DA:176,0
DA:177,0
DA:178,0
DA:179,0
DA:180,0
DA:181,0
DA:182,0
DA:183,0
DA:184,0
DA:185,0
DA:186,0
DA:187,0
DA:188,0
DA:189,0
DA:190,0
DA:191,0
DA:192,0
DA:193,0
DA:194,0
DA:195,0
DA:196,0
DA:197,0
DA:198,0
DA:199,0
DA:200,0
DA:201,0
DA:202,0
DA:203,0
DA:204,0
DA:205,0
DA:206,0
DA:207,0
DA:208,0
DA:209,0
DA:210,0
DA:211,0
DA:212,0
DA:213,0
DA:214,0
DA:215,0
DA:216,0
DA:217,0
DA:218,0
DA:219,0
DA:220,0
DA:221,0
DA:222,0
DA:223,0
DA:224,0
DA:225,0
DA:227,0
DA:228,0
DA:229,0
DA:230,0
DA:231,0
DA:232,0
DA:233,0
DA:234,0
DA:235,0
DA:236,0
DA:237,0
DA:238,0
DA:239,0
DA:240,0
DA:241,0
DA:242,0
DA:243,0
DA:245,0
DA:246,0
DA:247,0
DA:248,0
DA:249,0
DA:250,0
DA:251,0
DA:252,0
DA:253,0
DA:254,0
LF:227
LH:0
BRDA:1,0,0,1
BRF:1
BRH:1
end_of_record
TN:
SF:src/components/FormularioSecao.vue
FN:1,(empty-report)
FNF:1
FNH:1
FNDA:1,(empty-report)
DA:2,0
DA:3,0
DA:4,0
DA:5,0
DA:6,0
DA:7,0
DA:8,0
DA:9,0
DA:10,0
DA:11,0
DA:12,0
DA:13,0
DA:14,0
DA:15,0
DA:16,0
DA:18,0
DA:19,0
DA:20,0
DA:22,0
DA:23,0
DA:24,0
DA:25,0
DA:26,0
DA:27,0
DA:28,0
DA:29,0
DA:30,0
DA:31,0
DA:33,0
DA:34,0
DA:35,0
DA:36,0
DA:37,0
DA:38,0
DA:39,0
DA:40,0
DA:42,0
DA:43,0
DA:44,0
DA:45,0
DA:46,0
DA:47,0
DA:48,0
DA:50,0
DA:51,0
DA:52,0
DA:53,0
DA:54,0
DA:55,0
DA:56,0
DA:58,0
DA:59,0
DA:60,0
DA:61,0
DA:62,0
DA:63,0
DA:64,0
DA:65,0
DA:67,0
DA:68,0
DA:69,0
DA:71,0
DA:72,0
DA:73,0
DA:74,0
DA:75,0
DA:76,0
DA:77,0
DA:81,0
DA:82,0
DA:83,0
DA:85,0
DA:100,0
DA:102,0
DA:103,0
DA:105,0
DA:106,0
DA:107,0
DA:108,0
DA:109,0
DA:110,0
DA:111,0
DA:113,0
DA:114,0
DA:115,0
DA:116,0
DA:117,0
DA:118,0
DA:119,0
DA:120,0
DA:121,0
DA:122,0
DA:123,0
DA:124,0
DA:125,0
DA:126,0
DA:128,0
DA:129,0
DA:130,0
DA:131,0
DA:132,0
DA:133,0
DA:134,0
DA:135,0
DA:136,0
DA:137,0
DA:138,0
DA:139,0
DA:140,0
DA:141,0
DA:143,0
DA:144,0
DA:145,0
DA:146,0
DA:147,0
DA:148,0
DA:149,0
DA:150,0
DA:151,0
DA:152,0
DA:153,0
DA:154,0
DA:155,0
DA:156,0
DA:158,0
DA:159,0
DA:160,0
DA:161,0
DA:163,0
DA:164,0
DA:165,0
DA:167,0
DA:168,0
DA:169,0
DA:170,0
DA:171,0
DA:172,0
DA:173,0
DA:174,0
DA:175,0
DA:176,0
DA:177,0
DA:178,0
DA:179,0
DA:180,0
DA:182,0
DA:183,0
DA:184,0
DA:185,0
DA:186,0
DA:187,0
DA:188,0
DA:189,0
DA:190,0
DA:191,0
DA:192,0
DA:193,0
LF:157
LH:0
BRDA:1,0,0,1
BRF:1
BRH:1
end_of_record
TN:
SF:src/composables/useDragAndDrop.js
FN:1,(empty-report)
FNF:1
FNH:0
FNDA:0,(empty-report)
DA:1,0
DA:3,0
DA:4,0
DA:5,0
DA:6,0
DA:7,0
DA:8,0
DA:9,0
DA:10,0
DA:11,0
DA:12,0
DA:13,0
DA:14,0
DA:15,0
DA:16,0
DA:17,0
DA:18,0
DA:19,0
DA:20,0
DA:21,0
DA:22,0
DA:23,0
DA:24,0
DA:25,0
DA:26,0
DA:27,0
DA:28,0
DA:29,0
DA:30,0
DA:31,0
DA:32,0
DA:33,0
DA:34,0
DA:35,0
DA:36,0
DA:37,0
DA:38,0
DA:39,0
DA:40,0
DA:41,0
DA:42,0
DA:43,0
DA:44,0
DA:45,0
DA:46,0
DA:47,0
DA:48,0
DA:49,0
DA:50,0
DA:51,0
DA:52,0
DA:53,0
DA:54,0
DA:55,0
DA:56,0
DA:57,0
DA:58,0
DA:59,0
DA:60,0
DA:61,0
DA:62,0
DA:63,0
DA:64,0
DA:65,0
DA:66,0
DA:67,0
DA:68,0
DA:69,0
DA:70,0
DA:71,0
DA:72,0
DA:73,0
DA:74,0
DA:75,0
DA:76,0
DA:77,0
DA:78,0
DA:79,0
DA:80,0
DA:81,0
DA:82,0
DA:83,0
DA:84,0
DA:85,0
DA:86,0
DA:87,0
DA:88,0
DA:89,0
DA:90,0
DA:91,0
DA:92,0
DA:93,0
DA:94,0
DA:95,0
DA:96,0
DA:97,0
DA:98,0
DA:99,0
DA:100,0
DA:101,0
DA:102,0
DA:103,0
DA:104,0
DA:105,0
DA:106,0
DA:107,0
DA:108,0
DA:109,0
DA:110,0
DA:111,0
DA:112,0
DA:113,0
DA:114,0
DA:115,0
DA:116,0
DA:117,0
DA:118,0
DA:119,0
DA:120,0
DA:121,0
DA:122,0
DA:123,0
DA:124,0
DA:125,0
DA:126,0
DA:127,0
DA:128,0
DA:129,0
DA:130,0
DA:131,0
DA:132,0
DA:133,0
DA:134,0
DA:135,0
DA:136,0
DA:137,0
DA:138,0
DA:139,0
DA:140,0
DA:141,0
DA:142,0
DA:143,0
DA:144,0
DA:145,0
DA:146,0
DA:147,0
DA:148,0
DA:149,0
DA:150,0
DA:151,0
DA:152,0
DA:153,0
DA:154,0
DA:155,0
DA:156,0
DA:157,0
DA:158,0
DA:159,0
DA:160,0
DA:161,0
DA:162,0
DA:163,0
DA:164,0
DA:165,0
DA:166,0
DA:167,0
DA:168,0
DA:169,0
DA:170,0
DA:171,0
DA:172,0
DA:173,0
DA:174,0
DA:175,0
DA:176,0
DA:177,0
DA:178,0
DA:179,0
DA:180,0
DA:181,0
DA:182,0
DA:183,0
DA:184,0
DA:185,0
DA:186,0
DA:187,0
DA:188,0
DA:189,0
DA:190,0
DA:191,0
DA:192,0
DA:193,0
DA:194,0
DA:195,0
DA:196,0
DA:197,0
DA:198,0
DA:199,0
DA:200,0
DA:201,0
DA:202,0
DA:203,0
DA:204,0
DA:205,0
DA:206,0
DA:207,0
DA:208,0
DA:209,0
DA:210,0
DA:211,0
DA:212,0
DA:213,0
DA:214,0
DA:215,0
DA:216,0
DA:217,0
DA:218,0
DA:219,0
DA:220,0
DA:221,0
DA:222,0
DA:223,0
DA:224,0
DA:225,0
DA:226,0
DA:227,0
DA:228,0
DA:229,0
DA:230,0
DA:231,0
DA:232,0
DA:233,0
DA:234,0
DA:235,0
DA:236,0
DA:237,0
DA:238,0
DA:239,0
DA:240,0
DA:241,0
DA:242,0
DA:243,0
DA:244,0
DA:245,0
DA:246,0
DA:247,0
DA:248,0
DA:249,0
DA:250,0
DA:251,0
DA:252,0
DA:253,0
DA:254,0
DA:255,0
DA:256,0
DA:257,0
DA:258,0
DA:259,0
DA:260,0
DA:261,0
DA:262,0
DA:263,0
DA:264,0
DA:266,0
DA:267,0
DA:268,0
DA:269,0
DA:270,0
DA:271,0
DA:272,0
DA:273,0
DA:275,0
DA:276,0
DA:277,0
DA:279,0
DA:280,0
DA:281,0
DA:282,0
DA:284,0
DA:285,0
DA:286,0
DA:288,0
DA:289,0
DA:290,0
DA:291,0
DA:292,0
DA:294,0
DA:295,0
DA:296,0
DA:297,0
DA:298,0
DA:300,0
DA:301,0
DA:302,0
DA:303,0
DA:304,0
DA:306,0
DA:307,0
DA:308,0
DA:309,0
DA:310,0
DA:312,0
DA:313,0
DA:314,0
DA:315,0
DA:316,0
DA:317,0
DA:319,0
DA:320,0
DA:321,0
DA:322,0
DA:324,0
DA:325,0
DA:326,0
DA:327,0
DA:328,0
DA:329,0
DA:331,0
DA:332,0
DA:333,0
DA:334,0
LF:321
LH:0
BRDA:1,0,0,0
BRF:1
BRH:0
end_of_record
TN:
SF:src/composables/useFormValidation.js
FN:9,useFormValidation
FN:44,loadValidationRules
FN:56,validateForm
FN:81,validateField
FN:111,validateFieldDebounced
FN:121,required
FN:128,email
FN:137,cpf
FN:155,cnpj
FN:171,phone
FN:183,cep
FN:195,minLength
FN:203,maxLength
FN:213,validateFieldClient
FN:248,clearErrors
FN:252,clearFieldError
FN:260,setFieldError
FN:267,addFieldError
FN:276,immediate
FN:284,deep
FN:322,isValidCpf
FN:348,isValidCnpj
FNF:22
FNH:19
FNDA:25,useFormValidation
FNDA:27,loadValidationRules
FNDA:3,validateForm
FNDA:2,validateField
FNDA:0,validateFieldDebounced
FNDA:1,required
FNDA:1,email
FNDA:2,cpf
FNDA:1,cnpj
FNDA:1,phone
FNDA:1,cep
FNDA:1,minLength
FNDA:1,maxLength
FNDA:9,validateFieldClient
FNDA:26,clearErrors
FNDA:1,clearFieldError
FNDA:1,setFieldError
FNDA:1,addFieldError
FNDA:25,immediate
FNDA:0,deep
FNDA:1,isValidCpf
FNDA:0,isValidCnpj
DA:1,1
DA:2,1
DA:3,1
DA:4,1
DA:6,1
DA:7,1
DA:9,1
DA:10,25
DA:11,25
DA:12,25
DA:13,25
DA:14,25
DA:15,25
DA:16,25
DA:17,25
DA:18,25
DA:19,25
DA:20,25
DA:21,4
DA:22,25
DA:23,25
DA:24,25
DA:25,2
DA:26,25
DA:27,25
DA:28,25
DA:29,2
DA:30,25
DA:31,25
DA:32,25
DA:33,1
DA:34,25
DA:35,25
DA:36,25
DA:37,1
DA:38,2
DA:39,2
DA:40,2
DA:41,25
DA:42,25
DA:43,25
DA:44,25
DA:45,27
DA:46,27
DA:47,27
DA:48,27
DA:49,27
DA:50,27
DA:51,2
DA:52,2
DA:53,27
DA:54,25
DA:55,25
DA:56,25
DA:57,3
DA:58,3
DA:59,3
DA:60,3
DA:61,3
DA:62,3
DA:63,3
DA:64,2
DA:65,3
DA:66,3
DA:67,3
DA:68,3
DA:69,3
DA:70,1
DA:71,1
DA:72,1
DA:73,1
DA:74,1
DA:75,3
DA:76,3
DA:77,3
DA:78,3
DA:79,25
DA:80,25
DA:81,25
DA:82,2
DA:83,2
DA:84,2
DA:85,2
DA:86,2
DA:87,2
DA:88,2
DA:89,2
DA:90,2
DA:91,2
DA:92,1
DA:93,1
DA:94,1
DA:95,1
DA:96,1
DA:97,1
DA:98,1
DA:99,1
DA:100,1
DA:101,1
DA:102,1
DA:103,1
DA:104,2
DA:105,0
DA:106,0
DA:107,0
DA:108,2
DA:109,25
DA:110,25
DA:111,25
DA:112,0
DA:113,0
DA:114,0
DA:115,0
DA:116,0
DA:117,0
DA:118,25
DA:119,25
DA:120,25
DA:121,25
DA:122,1
DA:123,1
DA:124,1
DA:125,0
DA:126,25
DA:127,25
DA:128,25
DA:129,1
DA:130,1
DA:131,1
DA:132,1
DA:133,1
DA:134,0
DA:135,25
DA:136,25
DA:137,25
DA:138,2
DA:139,2
DA:140,2
DA:141,2
DA:142,2
DA:143,2
DA:144,1
DA:145,1
DA:146,1
DA:147,1
DA:148,1
DA:149,1
DA:150,1
DA:151,0
DA:152,0
DA:153,25
DA:154,25
DA:155,25
DA:156,1
DA:157,1
DA:158,1
DA:159,1
DA:160,1
DA:161,1
DA:162,1
DA:163,0
DA:164,0
DA:165,0
DA:166,0
DA:167,0
DA:168,0
DA:169,25
DA:170,25
DA:171,25
DA:172,1
DA:173,1
DA:174,1
DA:175,1
DA:176,1
DA:177,1
DA:178,1
DA:179,0
DA:180,0
DA:181,25
DA:182,25
DA:183,25
DA:184,1
DA:185,1
DA:186,1
DA:187,1
DA:188,1
DA:189,1
DA:190,1
DA:191,0
DA:192,0
DA:193,25
DA:194,25
DA:195,25
DA:196,1
DA:197,1
DA:198,1
DA:199,1
DA:200,0
DA:201,25
DA:202,25
DA:203,25
DA:204,1
DA:205,1
DA:206,1
DA:207,1
DA:208,0
DA:209,1
DA:210,25
DA:211,25
DA:212,25
DA:213,25
DA:214,9
DA:215,9
DA:216,9
DA:217,9
DA:218,9
DA:219,9
DA:220,9
DA:221,9
DA:222,9
DA:223,9
DA:224,7
DA:225,7
DA:226,7
DA:227,7
DA:228,9
DA:229,2
DA:230,2
DA:231,2
DA:232,2
DA:233,2
DA:234,2
DA:235,2
DA:236,2
DA:237,9
DA:238,9
DA:239,9
DA:240,9
DA:241,9
DA:242,9
DA:243,9
DA:244,9
DA:245,9
DA:246,25
DA:247,25
DA:248,25
DA:249,26
DA:250,26
DA:251,25
DA:252,25
DA:253,1
DA:254,1
DA:255,1
DA:256,1
DA:257,1
DA:258,1
DA:259,25
DA:260,25
DA:261,1
DA:262,1
DA:263,1
DA:264,1
DA:265,1
DA:266,25
DA:267,25
DA:268,1
DA:269,1
DA:270,1
DA:271,1
DA:272,1
DA:273,1
DA:274,25
DA:275,25
DA:276,25
DA:277,25
DA:278,25
DA:279,25
DA:280,25
DA:281,25
DA:282,25
DA:283,25
DA:284,25
DA:285,0
DA:286,0
DA:287,0
DA:288,0
DA:289,0
DA:290,0
DA:291,0
DA:292,25
DA:293,25
DA:294,25
DA:295,25
DA:296,25
DA:297,25
DA:298,25
DA:299,25
DA:300,25
DA:301,25
DA:302,25
DA:303,25
DA:304,25
DA:305,25
DA:306,25
DA:307,25
DA:308,25
DA:309,25
DA:310,25
DA:311,25
DA:312,25
DA:313,25
DA:314,25
DA:315,25
DA:316,25
DA:317,25
DA:318,25
DA:319,25
DA:321,1
DA:322,1
DA:323,1
DA:324,1
DA:325,1
DA:326,0
DA:327,0
DA:328,0
DA:329,0
DA:330,0
DA:331,0
DA:332,0
DA:333,1
DA:334,0
DA:335,0
DA:336,0
DA:337,0
DA:338,0
DA:339,0
DA:340,0
DA:341,0
DA:342,1
DA:343,0
DA:344,0
DA:345,0
DA:346,0
DA:348,0
DA:349,0
DA:350,0
DA:351,0
DA:352,0
DA:353,0
DA:354,0
DA:355,0
DA:356,0
DA:357,0
DA:358,0
DA:359,0
DA:360,0
DA:361,0
DA:362,0
DA:363,0
DA:364,0
DA:365,0
DA:366,0
DA:367,0
DA:368,0
DA:369,0
DA:370,0
DA:371,0
DA:372,0
DA:373,0
DA:374,0
DA:375,0
DA:377,1
DA:378,1
DA:379,1
DA:380,1
DA:381,1
DA:382,1
DA:383,1
DA:384,1
DA:385,1
DA:386,1
DA:387,1
DA:388,1
DA:389,1
DA:390,1
DA:391,1
DA:392,1
DA:393,1
DA:394,1
DA:395,1
DA:396,1
DA:397,1
DA:398,1
DA:399,1
DA:400,1
DA:401,1
DA:402,1
DA:403,1
DA:404,1
DA:405,1
DA:406,1
DA:407,1
DA:409,1
LF:403
LH:324
BRDA:9,0,0,25
BRDA:20,1,0,4
BRDA:24,2,0,2
BRDA:28,3,0,2
BRDA:32,4,0,1
BRDA:33,5,0,2
BRDA:33,6,0,1
BRDA:36,7,0,1
BRDA:37,8,0,2
BRDA:39,9,0,1
BRDA:44,10,0,27
BRDA:45,11,0,2
BRDA:46,12,0,0
BRDA:49,13,0,25
BRDA:50,14,0,2
BRDA:56,15,0,3
BRDA:58,16,0,0
BRDA:63,17,0,2
BRDA:65,18,0,0
BRDA:68,19,0,1
BRDA:69,20,0,1
BRDA:75,21,0,0
BRDA:81,22,0,2
BRDA:83,23,0,0
BRDA:91,24,0,1
BRDA:104,25,0,0
BRDA:121,26,0,1
BRDA:122,27,0,0
BRDA:124,28,0,0
BRDA:128,29,0,1
BRDA:129,30,0,0
BRDA:133,31,0,0
BRDA:137,32,0,2
BRDA:138,33,0,0
BRDA:143,34,0,1
BRDA:150,35,0,0
BRDA:155,36,0,1
BRDA:156,37,0,0
BRDA:162,38,0,0
BRDA:171,39,0,1
BRDA:172,40,0,0
BRDA:176,41,0,0
BRDA:178,42,0,0
BRDA:183,43,0,1
BRDA:184,44,0,0
BRDA:190,45,0,0
BRDA:195,46,0,1
BRDA:196,47,0,0
BRDA:199,48,0,0
BRDA:203,49,0,1
BRDA:204,50,0,0
BRDA:207,51,0,0
BRDA:213,52,0,9
BRDA:220,53,0,9
BRDA:223,54,0,7
BRDA:228,55,0,2
BRDA:230,56,0,0
BRDA:231,57,0,0
BRDA:248,58,0,26
BRDA:252,59,0,1
BRDA:260,60,0,1
BRDA:263,61,0,0
BRDA:267,62,0,1
BRDA:268,63,0,0
BRDA:276,64,0,25
BRDA:322,65,0,1
BRDA:325,66,0,0
BRDA:333,67,0,0
BRDA:342,68,0,0
BRF:69
BRH:39
end_of_record
TN:
SF:src/services/api.js
FN:27,list
FN:31,get
FN:35,getByType
FN:39,getPlaceholders
FN:43,sync
FN:47,validate
FN:54,getSchema
FN:58,validate
FN:62,getDefaults
FN:67,saveDefaults
FN:71,preview
FN:75,getValidationRules
FN:79,getDynamicFields
FN:86,generate
FN:90,getStatus
FN:94,download
FN:101,list
FN:105,get
FN:109,delete
FN:113,retry
FN:117,batchGenerate
FN:121,getMetrics
FN:128,search
FN:132,getByCpf
FN:136,create
FN:140,update
FN:144,suggest
FN:151,search
FN:155,suggest
FN:159,getCommonSets
FN:163,validate
FN:169,pollStatus
FNF:32
FNH:2
FNDA:0,list
FNDA:0,get
FNDA:0,getByType
FNDA:0,getPlaceholders
FNDA:0,sync
FNDA:0,validate
FNDA:0,getSchema
FNDA:0,validate
FNDA:0,getDefaults
FNDA:0,saveDefaults
FNDA:0,preview
FNDA:0,getValidationRules
FNDA:0,getDynamicFields
FNDA:0,generate
FNDA:0,getStatus
FNDA:0,download
FNDA:0,list
FNDA:0,get
FNDA:0,delete
FNDA:0,retry
FNDA:0,batchGenerate
FNDA:0,getMetrics
FNDA:1,search
FNDA:0,getByCpf
FNDA:0,create
FNDA:0,update
FNDA:1,suggest
FNDA:0,search
FNDA:0,suggest
FNDA:0,getCommonSets
FNDA:0,validate
FNDA:0,pollStatus
DA:1,1
DA:2,1
DA:3,1
DA:4,1
DA:6,1
DA:8,1
DA:9,1
DA:10,1
DA:11,1
DA:12,1
DA:13,1
DA:14,1
DA:16,1
DA:17,1
DA:18,1
DA:19,1
DA:20,0
DA:21,0
DA:22,0
DA:23,1
DA:25,1
DA:26,1
DA:27,1
DA:28,0
DA:29,1
DA:30,1
DA:31,1
DA:32,0
DA:33,1
DA:34,1
DA:35,1
DA:36,0
DA:37,1
DA:38,1
DA:39,1
DA:40,0
DA:41,1
DA:42,1
DA:43,1
DA:44,0
DA:45,1
DA:46,1
DA:47,1
DA:48,0
DA:49,0
DA:50,1
DA:52,1
DA:53,1
DA:54,1
DA:55,0
DA:56,1
DA:57,1
DA:58,1
DA:59,0
DA:60,1
DA:61,1
DA:62,1
DA:63,0
DA:64,0
DA:65,1
DA:66,1
DA:67,1
DA:68,0
DA:69,1
DA:70,1
DA:71,1
DA:72,0
DA:73,1
DA:74,1
DA:75,1
DA:76,0
DA:77,1
DA:78,1
DA:79,1
DA:80,0
DA:81,0
DA:82,1
DA:84,1
DA:85,1
DA:86,1
DA:87,0
DA:88,1
DA:89,1
DA:90,1
DA:91,0
DA:92,1
DA:93,1
DA:94,1
DA:95,0
DA:96,0
DA:97,0
DA:98,0
DA:99,1
DA:100,1
DA:101,1
DA:102,0
DA:103,1
DA:104,1
DA:105,1
DA:106,0
DA:107,1
DA:108,1
DA:109,1
DA:110,0
DA:111,1
DA:112,1
DA:113,1
DA:114,0
DA:115,1
DA:116,1
DA:117,1
DA:118,0
DA:119,1
DA:120,1
DA:121,1
DA:122,0
DA:123,0
DA:124,1
DA:126,1
DA:127,1
DA:128,1
DA:129,1
DA:130,1
DA:131,1
DA:132,1
DA:133,0
DA:134,1
DA:135,1
DA:136,1
DA:137,0
DA:138,1
DA:139,1
DA:140,1
DA:141,0
DA:142,1
DA:143,1
DA:144,1
DA:145,1
DA:146,1
DA:147,1
DA:149,1
DA:150,1
DA:151,1
DA:152,0
DA:153,1
DA:154,1
DA:155,1
DA:156,0
DA:157,1
DA:158,1
DA:159,1
DA:160,0
DA:161,1
DA:162,1
DA:163,1
DA:164,0
DA:165,0
DA:166,1
DA:168,1
DA:169,1
DA:170,0
DA:171,0
DA:172,0
DA:173,0
DA:174,0
DA:175,0
DA:176,0
DA:177,0
DA:178,0
DA:179,0
DA:180,0
DA:181,0
DA:182,0
DA:183,0
DA:184,0
DA:185,0
DA:186,0
DA:187,0
DA:188,0
DA:189,0
DA:190,0
DA:191,0
DA:192,0
DA:193,0
DA:194,0
LF:185
LH:120
BRDA:128,0,0,1
BRDA:144,1,0,1
BRF:2
BRH:2
end_of_record
TN:
SF:src/stores/formulario.js
FN:89,inicializarBuscas
FN:107,buscarClientes
FN:114,buscarAutoridades
FN:121,preencherCampoCliente
FN:156,preencherCampoAutoridade
FN:179,atualizarCampo
FN:184,salvarRascunho
FN:196,carregarRascunho
FN:211,loadTemplates
FN:223,loadTemplate
FN:249,validateForm
FN:265,generateDocument
FN:316,searchClients
FN:337,searchAuthorities
FN:358,getClientByCpf
FN:367,clearValidationErrors
FN:371,resetDocumentGeneration
FN:381,deep
FN:431,categorizarCampo
FNF:19
FNH:19
FNDA:3,inicializarBuscas
FNDA:1,buscarClientes
FNDA:1,buscarAutoridades
FNDA:2,preencherCampoCliente
FNDA:1,preencherCampoAutoridade
FNDA:1,atualizarCampo
FNDA:5,salvarRascunho
FNDA:2,carregarRascunho
FNDA:2,loadTemplates
FNDA:1,loadTemplate
FNDA:6,validateForm
FNDA:4,generateDocument
FNDA:4,searchClients
FNDA:2,searchAuthorities
FNDA:1,getClientByCpf
FNDA:1,clearValidationErrors
FNDA:1,resetDocumentGeneration
FNDA:13,deep
FNDA:7,categorizarCampo
DA:1,1
DA:2,1
DA:3,1
DA:4,1
DA:13,1
DA:14,45
DA:15,45
DA:16,45
DA:17,45
DA:18,45
DA:19,45
DA:20,45
DA:21,45
DA:22,45
DA:23,45
DA:24,45
DA:25,45
DA:26,45
DA:27,45
DA:28,45
DA:29,45
DA:30,45
DA:31,45
DA:32,45
DA:33,45
DA:34,45
DA:35,45
DA:36,45
DA:37,45
DA:38,45
DA:39,45
DA:40,45
DA:41,1
DA:42,1
DA:43,1
DA:44,1
DA:45,1
DA:46,1
DA:47,1
DA:48,1
DA:49,1
DA:50,1
DA:51,1
DA:52,1
DA:53,1
DA:54,1
DA:55,5
DA:56,5
DA:57,5
DA:58,2
DA:59,2
DA:60,2
DA:61,2
DA:62,1
DA:63,1
DA:64,2
DA:65,2
DA:66,1
DA:67,1
DA:68,1
DA:69,1
DA:70,2
DA:71,0
DA:72,0
DA:73,0
DA:74,0
DA:75,0
DA:76,0
DA:77,0
DA:78,5
DA:79,3
DA:80,3
DA:81,0
DA:82,0
DA:83,1
DA:84,1
DA:85,1
DA:86,45
DA:87,45
DA:88,45
DA:89,45
DA:90,3
DA:91,1
DA:92,1
DA:93,1
DA:94,1
DA:95,1
DA:96,1
DA:97,2
DA:98,2
DA:99,1
DA:100,1
DA:101,1
DA:102,1
DA:103,1
DA:104,1
DA:105,3
DA:106,45
DA:107,45
DA:108,1
DA:109,1
DA:110,1
DA:111,1
DA:112,1
DA:113,45
DA:114,45
DA:115,1
DA:116,1
DA:117,1
DA:118,1
DA:119,1
DA:120,45
DA:121,45
DA:122,2
DA:123,2
DA:124,2
DA:125,2
DA:126,2
DA:127,2
DA:128,2
DA:129,2
DA:130,2
DA:131,2
DA:132,2
DA:133,2
DA:134,2
DA:135,2
DA:136,2
DA:137,2
DA:138,2
DA:139,2
DA:140,2
DA:141,2
DA:142,2
DA:143,2
DA:144,2
DA:145,2
DA:146,2
DA:147,2
DA:148,36
DA:149,6
DA:150,6
DA:151,2
DA:152,2
DA:153,2
DA:154,2
DA:155,45
DA:156,45
DA:157,1
DA:158,1
DA:159,1
DA:160,1
DA:161,1
DA:162,1
DA:163,1
DA:164,1
DA:165,1
DA:166,1
DA:167,1
DA:168,1
DA:169,1
DA:170,1
DA:171,8
DA:172,4
DA:173,4
DA:174,1
DA:175,1
DA:176,1
DA:177,1
DA:178,45
DA:179,45
DA:180,1
DA:181,1
DA:182,1
DA:183,45
DA:184,45
DA:185,5
DA:186,5
DA:187,5
DA:188,5
DA:189,5
DA:190,5
DA:191,5
DA:192,0
DA:193,0
DA:194,5
DA:195,45
DA:196,45
DA:197,2
DA:198,2
DA:199,2
DA:200,1
DA:201,1
DA:202,1
DA:203,1
DA:204,2
DA:205,0
DA:206,0
DA:207,1
DA:208,2
DA:209,45
DA:210,45
DA:211,45
DA:212,2
DA:213,2
DA:214,2
DA:215,1
DA:216,1
DA:217,1
DA:218,2
DA:219,2
DA:220,2
DA:221,2
DA:222,45
DA:223,45
DA:224,1
DA:225,1
DA:226,1
DA:227,1
DA:228,1
DA:229,1
DA:230,1
DA:231,1
DA:232,2
DA:233,2
DA:234,2
DA:235,2
DA:236,2
DA:237,2
DA:238,2
DA:239,1
DA:240,1
DA:241,1
DA:242,0
DA:243,0
DA:244,1
DA:245,1
DA:246,1
DA:247,1
DA:248,45
DA:249,45
DA:250,6
DA:251,5
DA:252,5
DA:253,6
DA:254,6
DA:255,5
DA:256,6
DA:257,6
DA:258,6
DA:259,0
DA:260,0
DA:261,0
DA:262,0
DA:263,6
DA:264,45
DA:265,45
DA:266,4
DA:267,1
DA:268,1
DA:269,3
DA:270,3
DA:271,3
DA:272,3
DA:273,4
DA:274,4
DA:275,4
DA:276,4
DA:277,1
DA:278,1
DA:279,2
DA:280,2
DA:281,2
DA:282,1
DA:283,1
DA:284,1
DA:285,1
DA:286,1
DA:287,1
DA:288,1
DA:289,1
DA:290,1
DA:291,1
DA:292,1
DA:293,1
DA:294,1
DA:295,1
DA:296,1
DA:297,1
DA:298,1
DA:299,1
DA:300,1
DA:301,1
DA:302,1
DA:303,4
DA:304,2
DA:305,2
DA:306,2
DA:307,2
DA:308,2
DA:309,2
DA:310,2
DA:311,4
DA:312,3
DA:313,3
DA:314,4
DA:315,45
DA:316,45
DA:317,4
DA:318,4
DA:319,3
DA:320,3
DA:321,3
DA:322,3
DA:323,2
DA:324,2
DA:325,2
DA:326,2
DA:327,2
DA:328,2
DA:329,2
DA:330,2
DA:331,4
DA:332,1
DA:333,1
DA:334,1
DA:335,4
DA:336,45
DA:337,45
DA:338,2
DA:339,2
DA:340,2
DA:341,2
DA:342,2
DA:343,2
DA:344,1
DA:345,1
DA:346,1
DA:347,1
DA:348,1
DA:349,1
DA:350,1
DA:351,1
DA:352,2
DA:353,0
DA:354,0
DA:355,0
DA:356,2
DA:357,45
DA:358,45
DA:359,1
DA:360,1
DA:361,1
DA:362,0
DA:363,0
DA:364,0
DA:365,1
DA:366,45
DA:367,45
DA:368,1
DA:369,1
DA:370,45
DA:371,45
DA:372,1
DA:373,1
DA:374,1
DA:375,1
DA:376,1
DA:377,1
DA:378,1
DA:379,45
DA:380,45
DA:381,45
DA:382,13
DA:383,4
DA:384,4
DA:385,45
DA:386,45
DA:387,45
DA:388,45
DA:389,45
DA:390,45
DA:391,45
DA:392,45
DA:393,45
DA:394,45
DA:395,45
DA:396,45
DA:397,45
DA:398,45
DA:399,45
DA:400,45
DA:401,45
DA:402,45
DA:403,45
DA:404,45
DA:405,45
DA:406,45
DA:407,45
DA:408,45
DA:409,45
DA:410,45
DA:411,45
DA:412,45
DA:413,45
DA:414,45
DA:415,45
DA:416,45
DA:417,45
DA:418,45
DA:419,45
DA:420,45
DA:421,45
DA:422,45
DA:423,45
DA:424,45
DA:425,45
DA:426,45
DA:427,45
DA:428,45
DA:430,1
DA:431,7
DA:432,7
DA:433,7
DA:434,7
DA:435,7
DA:436,1
DA:437,1
DA:438,6
DA:439,6
DA:440,7
DA:441,2
DA:442,2
DA:443,2
DA:444,2
DA:445,1
DA:446,1
DA:447,1
DA:448,1
DA:449,2
DA:450,0
DA:451,0
DA:452,2
DA:453,4
DA:454,4
DA:455,4
DA:456,4
DA:457,4
DA:458,4
DA:459,7
DA:460,0
DA:461,0
DA:462,4
DA:463,4
DA:464,4
DA:465,4
DA:466,4
DA:467,4
DA:468,7
DA:469,0
DA:470,0
DA:471,4
DA:472,4
DA:473,4
DA:474,4
DA:475,4
DA:476,4
DA:477,4
DA:478,7
DA:479,7
DA:480,0
DA:481,0
DA:482,4
DA:483,4
DA:484,4
DA:485,4
DA:486,4
DA:487,4
DA:488,4
DA:489,7
DA:490,0
DA:491,0
DA:492,4
DA:493,4
DA:494,4
DA:495,4
DA:496,4
DA:497,4
DA:498,7
DA:499,7
DA:500,7
DA:501,1
DA:502,1
DA:503,3
DA:504,3
DA:505,3
DA:506,3
DA:507,3
DA:508,3
DA:509,3
DA:510,3
DA:511,3
DA:512,0
DA:513,0
DA:514,0
DA:515,0
DA:516,0
DA:517,0
DA:518,0
DA:519,0
DA:520,0
LF:511
LH:467
BRDA:13,0,0,45
BRDA:40,1,0,1
BRDA:54,2,0,5
BRDA:57,3,0,4
BRDA:57,4,0,2
BRDA:61,5,0,1
BRDA:65,6,0,1
BRDA:70,7,0,0
BRDA:78,8,0,3
BRDA:80,9,0,0
BRDA:89,10,0,3
BRDA:90,11,0,2
BRDA:90,12,0,1
BRDA:98,13,0,1
BRDA:107,14,0,1
BRDA:108,15,0,0
BRDA:111,16,0,1
BRDA:114,17,0,1
BRDA:115,18,0,0
BRDA:118,19,0,1
BRDA:121,20,0,2
BRDA:122,21,0,1
BRDA:122,22,0,1
BRDA:126,23,0,0
BRDA:147,24,0,36
BRDA:148,25,0,6
BRDA:148,26,0,6
BRDA:156,27,0,1
BRDA:170,28,0,8
BRDA:171,29,0,4
BRDA:171,30,0,4
BRDA:179,31,0,1
BRDA:184,32,0,5
BRDA:191,33,0,0
BRDA:196,34,0,2
BRDA:199,35,0,1
BRDA:204,36,0,0
BRDA:206,37,0,1
BRDA:211,38,0,2
BRDA:214,39,0,1
BRDA:223,40,0,1
BRDA:241,41,0,0
BRDA:231,42,0,2
BRDA:235,43,0,0
BRDA:249,44,0,6
BRDA:250,45,0,3
BRDA:250,46,0,1
BRDA:250,47,0,5
BRDA:253,48,0,2
BRDA:254,49,0,5
BRDA:256,50,0,0
BRDA:257,51,0,2
BRDA:258,52,0,0
BRDA:265,53,0,4
BRDA:266,54,0,1
BRDA:268,55,0,3
BRDA:275,56,0,3
BRDA:276,57,0,1
BRDA:278,58,0,2
BRDA:281,59,0,1
BRDA:303,60,0,2
BRDA:311,61,0,0
BRDA:311,62,0,3
BRDA:316,63,0,4
BRDA:318,64,0,1
BRDA:318,65,0,3
BRDA:322,66,0,2
BRDA:331,67,0,1
BRDA:337,68,0,2
BRDA:339,69,0,0
BRDA:343,70,0,1
BRDA:352,71,0,0
BRDA:358,72,0,1
BRDA:361,73,0,0
BRDA:367,74,0,1
BRDA:371,75,0,1
BRDA:381,76,0,13
BRDA:382,77,0,4
BRDA:431,78,0,7
BRDA:435,79,0,6
BRDA:435,80,0,1
BRDA:437,81,0,6
BRDA:440,82,0,2
BRDA:444,83,0,1
BRDA:444,84,0,1
BRDA:449,85,0,0
BRDA:452,86,0,4
BRDA:459,87,0,0
BRDA:461,88,0,4
BRDA:468,89,0,0
BRDA:470,90,0,4
BRDA:478,91,0,4
BRDA:478,92,0,4
BRDA:479,93,0,4
BRDA:479,94,0,0
BRDA:481,95,0,4
BRDA:489,96,0,0
BRDA:491,97,0,4
BRDA:498,98,0,1
BRDA:499,99,0,1
BRDA:499,100,0,1
BRDA:500,101,0,1
BRDA:502,102,0,3
BRDA:511,103,0,0
BRDA:459,104,0,32
BRDA:468,105,0,36
BRDA:477,106,0,32
BRDA:489,107,0,80
BRDA:498,108,0,28
BRDA:509,109,0,10
BRF:110
BRH:89
end_of_record
